<?xml version="1.0" encoding="UTF-8"?>
<!-- Generated by org.testng.reporters.JUnitReportReporter -->
<testsuite hostname="DESKTOP-1QPN6TN" failures="0" tests="3" name="Test1" time="0.019" errors="0" timestamp="2022-09-13T19:31:15 IST" skipped="0">
  <testcase classname="Test1" name="A" time="0.014"/>
  <system-out/>
  <testcase classname="Test1" name="C" time="0.002"/>
  <system-out/>
  <testcase classname="Test1" name="B" time="0.003"/>
  <system-out/>
</testsuite> <!-- Test1 -->
